Using pre-set license
Built from '2021.3/staging' branch; Version is '2021.3.8f1 (b30333d56e81) revision 11731763'; Using compiler version '192829333'; Build Type 'Release'
OS: 'Windows 11  (10.0.22000) 64bit Professional' Language: 'en' Physical Memory: 16236 MB
BatchMode: 1, IsHumanControllingUs: 0, StartBugReporterOnCrash: 0, Is64bit: 1, IsPro: 1

COMMAND LINE ARGUMENTS:
C:\Program Files\Unity\Hub\Editor\2021.3.8f1\Editor\Unity.exe
-adb2
-batchMode
-noUpm
-name
AssetImportWorker2
-projectPath
D:/GAME JAM/GameJamREPO/GameJam2D
-logFile
Logs/AssetImportWorker2.log
-srvPort
56695
Successfully changed project path to: D:/GAME JAM/GameJamREPO/GameJam2D
D:/GAME JAM/GameJamREPO/GameJam2D
[UnityMemory] Configuration Parameters - Can be set up in boot.config
    "memorysetup-bucket-allocator-granularity=16"
    "memorysetup-bucket-allocator-bucket-count=8"
    "memorysetup-bucket-allocator-block-size=33554432"
    "memorysetup-bucket-allocator-block-count=8"
    "memorysetup-main-allocator-block-size=16777216"
    "memorysetup-thread-allocator-block-size=16777216"
    "memorysetup-gfx-main-allocator-block-size=16777216"
    "memorysetup-gfx-thread-allocator-block-size=16777216"
    "memorysetup-cache-allocator-block-size=4194304"
    "memorysetup-typetree-allocator-block-size=2097152"
    "memorysetup-profiler-bucket-allocator-granularity=16"
    "memorysetup-profiler-bucket-allocator-bucket-count=8"
    "memorysetup-profiler-bucket-allocator-block-size=33554432"
    "memorysetup-profiler-bucket-allocator-block-count=8"
    "memorysetup-profiler-allocator-block-size=16777216"
    "memorysetup-profiler-editor-allocator-block-size=1048576"
    "memorysetup-temp-allocator-size-main=16777216"
    "memorysetup-job-temp-allocator-block-size=2097152"
    "memorysetup-job-temp-allocator-block-size-background=1048576"
    "memorysetup-job-temp-allocator-reduction-small-platforms=262144"
    "memorysetup-temp-allocator-size-background-worker=32768"
    "memorysetup-temp-allocator-size-job-worker=262144"
    "memorysetup-temp-allocator-size-preload-manager=33554432"
    "memorysetup-temp-allocator-size-nav-mesh-worker=65536"
    "memorysetup-temp-allocator-size-audio-worker=65536"
    "memorysetup-temp-allocator-size-cloud-worker=32768"
    "memorysetup-temp-allocator-size-gi-baking-worker=262144"
    "memorysetup-temp-allocator-size-gfx=262144"
Refreshing native plugins compatible for Editor in 80.17 ms, found 4 plugins.
Preloading 0 native plugins for Editor in 0.00 ms.
Initialize engine version: 2021.3.8f1 (b30333d56e81)
[Subsystems] Discovering subsystems at path C:/Program Files/Unity/Hub/Editor/2021.3.8f1/Editor/Data/Resources/UnitySubsystems
[Subsystems] Discovering subsystems at path D:/GAME JAM/GameJamREPO/GameJam2D/Assets
GfxDevice: creating device client; threaded=0; jobified=0
Direct3D:
    Version:  Direct3D 11.0 [level 11.1]
    Renderer: NVIDIA GeForce RTX 3060 Laptop GPU (ID=0x2560)
    Vendor:   NVIDIA
    VRAM:     6009 MB
    Driver:   31.0.15.2824
Initialize mono
Mono path[0] = 'C:/Program Files/Unity/Hub/Editor/2021.3.8f1/Editor/Data/Managed'
Mono path[1] = 'C:/Program Files/Unity/Hub/Editor/2021.3.8f1/Editor/Data/MonoBleedingEdge/lib/mono/unityjit-win32'
Mono config path = 'C:/Program Files/Unity/Hub/Editor/2021.3.8f1/Editor/Data/MonoBleedingEdge/etc'
Using monoOptions --debugger-agent=transport=dt_socket,embedding=1,server=y,suspend=n,address=127.0.0.1:56632
Begin MonoManager ReloadAssembly
Registering precompiled unity dll's ...
Register platform support module: C:/Program Files/Unity/Hub/Editor/2021.3.8f1/Editor/Data/PlaybackEngines/WindowsStandaloneSupport/UnityEditor.WindowsStandalone.Extensions.dll
Registered in 0.003847 seconds.
Native extension for WindowsStandalone target not found
Refreshing native plugins compatible for Editor in 78.94 ms, found 4 plugins.
Preloading 0 native plugins for Editor in 0.00 ms.
Mono: successfully reloaded assembly
- Completed reload, in  0.549 seconds
Domain Reload Profiling:
	ReloadAssembly (549ms)
		BeginReloadAssembly (56ms)
			ExecutionOrderSort (0ms)
			DisableScriptedObjects (0ms)
			BackupInstance (0ms)
			ReleaseScriptingObjects (0ms)
			CreateAndSetChildDomain (1ms)
		EndReloadAssembly (407ms)
			LoadAssemblies (54ms)
			RebuildTransferFunctionScriptingTraits (0ms)
			SetupTypeCache (84ms)
			ReleaseScriptCaches (0ms)
			RebuildScriptCaches (23ms)
			SetupLoadedEditorAssemblies (254ms)
				LogAssemblyErrors (0ms)
				InitializePlatformSupportModulesInManaged (6ms)
				SetLoadedEditorAssemblies (0ms)
				RefreshPlugins (79ms)
				BeforeProcessingInitializeOnLoad (1ms)
				ProcessInitializeOnLoadAttributes (125ms)
				ProcessInitializeOnLoadMethodAttributes (43ms)
				AfterProcessingInitializeOnLoad (0ms)
				EditorAssembliesLoaded (0ms)
			ExecutionOrderSort2 (0ms)
			AwakeInstancesAfterBackupRestoration (0ms)
Platform modules already initialized, skipping
Registering precompiled user dll's ...
Registered in 0.006218 seconds.
Begin MonoManager ReloadAssembly
Symbol file LoadedFromMemory doesn't match image D:\GAME JAM\GameJamREPO\GameJam2D\Library\PackageCache\com.unity.visualscripting@1.7.8\Editor\VisualScripting.Core\Dependencies\YamlDotNet\Unity.VisualScripting.YamlDotNet.dll
Symbol file LoadedFromMemory doesn't match image D:\GAME JAM\GameJamREPO\GameJam2D\Library\PackageCache\com.unity.visualscripting@1.7.8\Editor\VisualScripting.Core\Dependencies\DotNetZip\Unity.VisualScripting.IonicZip.dll
Native extension for WindowsStandalone target not found
Refreshing native plugins compatible for Editor in 73.72 ms, found 4 plugins.
Preloading 0 native plugins for Editor in 0.00 ms.
Mono: successfully reloaded assembly
- Completed reload, in  3.417 seconds
Domain Reload Profiling:
	ReloadAssembly (3418ms)
		BeginReloadAssembly (96ms)
			ExecutionOrderSort (0ms)
			DisableScriptedObjects (5ms)
			BackupInstance (0ms)
			ReleaseScriptingObjects (0ms)
			CreateAndSetChildDomain (18ms)
		EndReloadAssembly (3166ms)
			LoadAssemblies (2466ms)
			RebuildTransferFunctionScriptingTraits (0ms)
			SetupTypeCache (200ms)
			ReleaseScriptCaches (1ms)
			RebuildScriptCaches (46ms)
			SetupLoadedEditorAssemblies (411ms)
				LogAssemblyErrors (0ms)
				InitializePlatformSupportModulesInManaged (3ms)
				SetLoadedEditorAssemblies (0ms)
				RefreshPlugins (74ms)
				BeforeProcessingInitializeOnLoad (81ms)
				ProcessInitializeOnLoadAttributes (206ms)
				ProcessInitializeOnLoadMethodAttributes (40ms)
				AfterProcessingInitializeOnLoad (6ms)
				EditorAssembliesLoaded (0ms)
			ExecutionOrderSort2 (0ms)
			AwakeInstancesAfterBackupRestoration (5ms)
Platform modules already initialized, skipping
========================================================================
Worker process is ready to serve import requests
Launched and connected shader compiler UnityShaderCompiler.exe after 0.05 seconds
Refreshing native plugins compatible for Editor in 0.88 ms, found 4 plugins.
Preloading 0 native plugins for Editor in 0.00 ms.
Unloading 4069 Unused Serialized files (Serialized files now loaded: 0)
Unloading 38 unused Assets / (55.2 KB). Loaded Objects now: 4525.
Memory consumption went from 151.2 MB to 151.2 MB.
Total: 3.545500 ms (FindLiveObjects: 0.310400 ms CreateObjectMapping: 0.301000 ms MarkObjects: 2.841800 ms  DeleteObjects: 0.091000 ms)

AssetImportParameters requested are different than current active one (requested -> active):
  custom:video-decoder-ogg-theora: a1e56fd34408186e4bbccfd4996cb3dc -> 
  custom:container-muxer-webm: aa71ff27fc2769a1b78a27578f13a17b -> 
  custom:container-demuxer-webm: 4f35f7cbe854078d1ac9338744f61a02 -> 
  custom:video-encoder-webm-vp8: eb34c28f22e8b96e1ab97ce403110664 -> 
  custom:audio-encoder-webm-vorbis: bf7c407c2cedff20999df2af8eb42d56 -> 
  custom:framework-win-MediaFoundation: 216162199b28c13a410421893ffa2e32 -> 
  custom:container-demuxer-ogg: 62fdf1f143b41e24485cea50d1cbac27 -> 
  custom:video-decoder-webm-vp8: 9c59270c3fd7afecdb556c50c9e8de78 -> 
  custom:audio-decoder-ogg-vorbis: bf7c407c2cedff20999df2af8eb42d56 -> 
========================================================================
Received Import Request.
  Time since last request: 84509.687764 seconds.
  path: Assets/Scenes/Level1.unity
  artifactKey: Guid(17c30db71ba4d1c42a2ed13dc561a9c0) Importer(815301076,1909f56bfc062723c751e8b465ee728b)
Start importing Assets/Scenes/Level1.unity using Guid(17c30db71ba4d1c42a2ed13dc561a9c0) Importer(815301076,1909f56bfc062723c751e8b465ee728b)  -> (artifact id: 'd94d5beb18c658429d2b995f10e5622c') in 0.013134 seconds 
========================================================================
Received Import Request.
  Time since last request: 15.120289 seconds.
  path: Assets/Scenes/SampleScene.unity
  artifactKey: Guid(2cda990e2423bbf4892e6590ba056729) Importer(815301076,1909f56bfc062723c751e8b465ee728b)
Start importing Assets/Scenes/SampleScene.unity using Guid(2cda990e2423bbf4892e6590ba056729) Importer(815301076,1909f56bfc062723c751e8b465ee728b)  -> (artifact id: 'ed1ec584b86adc936d786dcf072fa9c6') in 0.013420 seconds 
========================================================================
Received Import Request.
  Time since last request: 163.680259 seconds.
  path: Assets
  artifactKey: Guid(00000000000000001000000000000000) Importer(815301076,1909f56bfc062723c751e8b465ee728b)
Start importing Assets using Guid(00000000000000001000000000000000) Importer(815301076,1909f56bfc062723c751e8b465ee728b)  -> (artifact id: '79842766b460edbeab6a34051e857a80') in 0.005971 seconds 
========================================================================
Received Import Request.
  Time since last request: 14.582132 seconds.
  path: Assets/Sprites - Background
  artifactKey: Guid(3e5244ecc78ea2b4c8b6fe9e85bd1263) Importer(815301076,1909f56bfc062723c751e8b465ee728b)
Start importing Assets/Sprites - Background using Guid(3e5244ecc78ea2b4c8b6fe9e85bd1263) Importer(815301076,1909f56bfc062723c751e8b465ee728b)  -> (artifact id: '944b17a89edffad93785439571cd9346') in 0.006785 seconds 
========================================================================
Received Import Request.
  Time since last request: 681.570856 seconds.
  path: Assets/Sprites - Background/Tiles.png
  artifactKey: Guid(555f8f71ce19e624c8bc995b9e55208e) Importer(815301076,1909f56bfc062723c751e8b465ee728b)
Start importing Assets/Sprites - Background/Tiles.png using Guid(555f8f71ce19e624c8bc995b9e55208e) Importer(815301076,1909f56bfc062723c751e8b465ee728b)  -> (artifact id: 'e403f96c25b133f2f89a838d4e3beede') in 0.128025 seconds 
========================================================================
Received Import Request.
  Time since last request: 1116.101328 seconds.
  path: Assets/Sprites - Background/Tiles.png
  artifactKey: Guid(555f8f71ce19e624c8bc995b9e55208e) Importer(815301076,1909f56bfc062723c751e8b465ee728b)
Start importing Assets/Sprites - Background/Tiles.png using Guid(555f8f71ce19e624c8bc995b9e55208e) Importer(815301076,1909f56bfc062723c751e8b465ee728b)  -> (artifact id: 'a67f60d3df88ec7c9949985965ce6ee7') in 0.087942 seconds 
========================================================================
Received Import Request.
  Time since last request: 13.443108 seconds.
  path: Assets/Sprites - Background/Tiles.png
  artifactKey: Guid(555f8f71ce19e624c8bc995b9e55208e) Importer(815301076,1909f56bfc062723c751e8b465ee728b)
Start importing Assets/Sprites - Background/Tiles.png using Guid(555f8f71ce19e624c8bc995b9e55208e) Importer(815301076,1909f56bfc062723c751e8b465ee728b)  -> (artifact id: '1b40b8689b652cb3e0489c27401cb1a5') in 0.013914 seconds 
========================================================================
Received Import Request.
  Time since last request: 430.527820 seconds.
  path: Assets/Sprites - Background/New Palette.prefab
  artifactKey: Guid(dea23bfa6c9a91c468de8325f03024e0) Importer(815301076,1909f56bfc062723c751e8b465ee728b)
Start importing Assets/Sprites - Background/New Palette.prefab using Guid(dea23bfa6c9a91c468de8325f03024e0) Importer(815301076,1909f56bfc062723c751e8b465ee728b)  -> (artifact id: 'd5c39886af72425b4ef08f356eb1a81c') in 0.102523 seconds 
========================================================================
Received Import Request.
  Time since last request: 172.711809 seconds.
  path: Assets/Sprites - Background/Tiles.png
  artifactKey: Guid(555f8f71ce19e624c8bc995b9e55208e) Importer(815301076,1909f56bfc062723c751e8b465ee728b)
Start importing Assets/Sprites - Background/Tiles.png using Guid(555f8f71ce19e624c8bc995b9e55208e) Importer(815301076,1909f56bfc062723c751e8b465ee728b)  -> (artifact id: '0c92427186a8c23aad9a16a5b137d684') in 0.932102 seconds 
========================================================================
Received Import Request.
  Time since last request: 168.132736 seconds.
  path: Assets/Sprites - Background/Background.prefab
  artifactKey: Guid(1f8cd590d151b81458743cfab6595c50) Importer(815301076,1909f56bfc062723c751e8b465ee728b)
Start importing Assets/Sprites - Background/Background.prefab using Guid(1f8cd590d151b81458743cfab6595c50) Importer(815301076,1909f56bfc062723c751e8b465ee728b)  -> (artifact id: '4d7f4693aca71b691692601e209bc21f') in 0.021651 seconds 
========================================================================
Received Import Request.
  Time since last request: 156.638076 seconds.
  path: Assets/Sprites - Background/Tiles.png
  artifactKey: Guid(555f8f71ce19e624c8bc995b9e55208e) Importer(815301076,1909f56bfc062723c751e8b465ee728b)
Start importing Assets/Sprites - Background/Tiles.png using Guid(555f8f71ce19e624c8bc995b9e55208e) Importer(815301076,1909f56bfc062723c751e8b465ee728b)  -> (artifact id: '59241f86bf96d37471dd52cebb251b82') in 0.848687 seconds 
========================================================================
Received Import Request.
  Time since last request: 48.155409 seconds.
  path: Assets/Sprites - Background/Background.prefab
  artifactKey: Guid(1f8cd590d151b81458743cfab6595c50) Importer(815301076,1909f56bfc062723c751e8b465ee728b)
Start importing Assets/Sprites - Background/Background.prefab using Guid(1f8cd590d151b81458743cfab6595c50) Importer(815301076,1909f56bfc062723c751e8b465ee728b)  -> (artifact id: '9953d6d44a3ae5ab39583dfababe0871') in 0.013938 seconds 
========================================================================
Received Import Request.
  Time since last request: 164.415083 seconds.
  path: Assets/Sprites - Background/Background.prefab
  artifactKey: Guid(1f8cd590d151b81458743cfab6595c50) Importer(815301076,1909f56bfc062723c751e8b465ee728b)
Start importing Assets/Sprites - Background/Background.prefab using Guid(1f8cd590d151b81458743cfab6595c50) Importer(815301076,1909f56bfc062723c751e8b465ee728b)  -> (artifact id: '617ac9ba44d29461734086c27759ef2b') in 0.014196 seconds 
